TN:
SF:/home/vitor/PROGRAMACAO/JS/ntask-api/auth.js
FN:4,(anonymous_1)
FN:13,(anonymous_2)
FN:15,(anonymous_3)
FN:24,(anonymous_4)
FN:30,initialize
FN:33,authenticate
FNF:6
FNH:5
FNDA:1,(anonymous_1)
FNDA:6,(anonymous_2)
FNDA:6,(anonymous_3)
FNDA:0,(anonymous_4)
FNDA:1,initialize
FNDA:2,authenticate
DA:1,1
DA:2,1
DA:4,1
DA:5,1
DA:6,1
DA:8,1
DA:13,1
DA:14,6
DA:16,6
DA:17,6
DA:22,0
DA:24,0
DA:27,1
DA:29,1
DA:31,1
DA:34,2
LF:16
LH:14
BRDA:16,0,0,6
BRDA:16,0,1,0
BRF:2
BRH:1
end_of_record
TN:
SF:/home/vitor/PROGRAMACAO/JS/ntask-api/db.js
FN:7,(anonymous_1)
FN:8,(anonymous_2)
FN:22,(anonymous_3)
FN:27,(anonymous_4)
FNF:4
FNH:4
FNDA:1,(anonymous_1)
FNDA:1,(anonymous_2)
FNDA:2,(anonymous_3)
FNDA:2,(anonymous_4)
DA:1,1
DA:2,1
DA:3,1
DA:5,1
DA:7,1
DA:8,1
DA:9,1
DA:10,1
DA:16,1
DA:21,1
DA:22,1
DA:23,2
DA:24,2
DA:25,2
DA:27,1
DA:28,2
DA:31,1
LF:17
LH:17
BRDA:8,0,0,1
BRDA:8,0,1,0
BRF:2
BRH:1
end_of_record
TN:
SF:/home/vitor/PROGRAMACAO/JS/ntask-api/index.js
FNF:0
FNH:0
DA:1,1
DA:2,1
DA:4,1
DA:6,1
DA:15,1
LF:5
LH:5
BRF:0
BRH:0
end_of_record
TN:
SF:/home/vitor/PROGRAMACAO/JS/ntask-api/libs/boot.js
FN:1,(anonymous_0)
FN:3,(anonymous_1)
FN:4,(anonymous_2)
FNF:3
FNH:3
FNDA:1,(anonymous_0)
FNDA:1,(anonymous_1)
FNDA:1,(anonymous_2)
DA:1,1
DA:2,1
DA:3,1
DA:4,1
DA:5,1
LF:5
LH:5
BRDA:2,0,0,1
BRDA:2,0,1,0
BRF:2
BRH:1
end_of_record
TN:
SF:/home/vitor/PROGRAMACAO/JS/ntask-api/libs/config.development.js
FNF:0
FNH:0
DA:1,1
LF:1
LH:1
BRF:0
BRH:0
end_of_record
TN:
SF:/home/vitor/PROGRAMACAO/JS/ntask-api/libs/config.js
FN:1,(anonymous_0)
FNF:1
FNH:1
FNDA:1,(anonymous_0)
DA:1,1
DA:2,1
DA:4,1
DA:5,0
DA:7,1
LF:5
LH:4
BRDA:4,0,0,0
BRDA:4,0,1,1
BRF:2
BRH:1
end_of_record
TN:
SF:/home/vitor/PROGRAMACAO/JS/ntask-api/libs/middlewares.js
FN:3,(anonymous_1)
FN:10,(anonymous_2)
FNF:2
FNH:2
FNDA:1,(anonymous_1)
FNDA:11,(anonymous_2)
DA:1,1
DA:3,1
DA:4,1
DA:5,1
DA:7,1
DA:8,1
DA:10,1
DA:11,11
DA:12,11
LF:9
LH:9
BRF:0
BRH:0
end_of_record
TN:
SF:/home/vitor/PROGRAMACAO/JS/ntask-api/models/tasks.js
FN:1,(anonymous_0)
FN:22,associate
FNF:2
FNH:2
FNDA:1,(anonymous_0)
FNDA:1,associate
DA:1,1
DA:2,1
DA:23,1
DA:27,1
LF:4
LH:4
BRF:0
BRH:0
end_of_record
TN:
SF:/home/vitor/PROGRAMACAO/JS/ntask-api/models/users.js
FN:3,(anonymous_1)
FN:34,beforeCreate
FN:40,associate
FN:43,isPassword
FNF:4
FNH:4
FNDA:1,(anonymous_1)
FNDA:9,beforeCreate
FNDA:1,associate
FNDA:2,isPassword
DA:1,1
DA:3,1
DA:4,1
DA:35,9
DA:36,9
DA:41,1
DA:44,2
DA:49,1
LF:8
LH:8
BRF:0
BRH:0
end_of_record
TN:
SF:/home/vitor/PROGRAMACAO/JS/ntask-api/routes/index.js
FN:1,(anonymous_0)
FN:2,(anonymous_1)
FNF:2
FNH:2
FNDA:1,(anonymous_0)
FNDA:1,(anonymous_1)
DA:1,1
DA:2,1
DA:3,1
LF:3
LH:3
BRF:0
BRH:0
end_of_record
TN:
SF:/home/vitor/PROGRAMACAO/JS/ntask-api/routes/tasks.js
FN:1,(anonymous_0)
FN:4,errorHandling
FN:10,userTasksParams
FN:17,tasksParams
FN:25,(anonymous_4)
FN:29,(anonymous_5)
FN:30,(anonymous_6)
FN:34,(anonymous_7)
FN:37,(anonymous_8)
FN:38,(anonymous_9)
FN:43,(anonymous_10)
FN:47,(anonymous_11)
FN:53,(anonymous_12)
FN:57,(anonymous_13)
FN:61,(anonymous_14)
FN:62,(anonymous_15)
FN:64,(anonymous_16)
FN:68,(anonymous_17)
FN:69,(anonymous_18)
FNF:19
FNH:13
FNDA:1,(anonymous_0)
FNDA:0,errorHandling
FNDA:4,userTasksParams
FNDA:1,tasksParams
FNDA:1,(anonymous_4)
FNDA:1,(anonymous_5)
FNDA:0,(anonymous_6)
FNDA:1,(anonymous_7)
FNDA:1,(anonymous_8)
FNDA:0,(anonymous_9)
FNDA:2,(anonymous_10)
FNDA:2,(anonymous_11)
FNDA:0,(anonymous_12)
FNDA:1,(anonymous_13)
FNDA:1,(anonymous_14)
FNDA:0,(anonymous_15)
FNDA:1,(anonymous_16)
FNDA:1,(anonymous_17)
FNDA:0,(anonymous_18)
DA:1,1
DA:2,1
DA:5,0
DA:11,4
DA:18,1
DA:23,1
DA:26,1
DA:29,1
DA:31,0
DA:35,1
DA:36,1
DA:37,1
DA:38,0
DA:41,1
DA:44,2
DA:48,2
DA:49,1
DA:51,1
DA:54,0
DA:58,1
DA:61,1
DA:62,0
DA:65,1
DA:68,1
DA:69,0
LF:25
LH:19
BRDA:48,0,0,1
BRDA:48,0,1,1
BRF:2
BRH:2
end_of_record
TN:
SF:/home/vitor/PROGRAMACAO/JS/ntask-api/routes/token.js
FN:3,(anonymous_1)
FN:7,(anonymous_2)
FN:8,(anonymous_3)
FN:17,(anonymous_4)
FN:30,(anonymous_5)
FNF:5
FNH:5
FNDA:1,(anonymous_1)
FNDA:4,(anonymous_2)
FNDA:3,(anonymous_3)
FNDA:3,(anonymous_4)
FNDA:1,(anonymous_5)
DA:1,1
DA:3,1
DA:4,1
DA:5,1
DA:7,1
DA:8,4
DA:9,3
DA:10,3
DA:12,3
DA:18,3
DA:19,1
DA:23,1
DA:27,1
DA:30,1
DA:32,1
LF:15
LH:15
BRDA:8,0,0,3
BRDA:8,0,1,1
BRDA:8,1,0,4
BRDA:8,1,1,3
BRDA:18,2,0,1
BRDA:18,2,1,1
BRF:6
BRH:6
end_of_record
TN:
SF:/home/vitor/PROGRAMACAO/JS/ntask-api/routes/users.js
FN:1,(anonymous_0)
FN:4,errorHandling
FN:10,(anonymous_2)
FN:14,(anonymous_3)
FN:15,(anonymous_4)
FN:17,(anonymous_5)
FN:23,(anonymous_6)
FN:24,(anonymous_7)
FN:26,(anonymous_8)
FN:28,(anonymous_9)
FN:29,(anonymous_10)
FNF:11
FNH:1
FNDA:1,(anonymous_0)
FNDA:0,errorHandling
FNDA:0,(anonymous_2)
FNDA:0,(anonymous_3)
FNDA:0,(anonymous_4)
FNDA:0,(anonymous_5)
FNDA:0,(anonymous_6)
FNDA:0,(anonymous_7)
FNDA:0,(anonymous_8)
FNDA:0,(anonymous_9)
FNDA:0,(anonymous_10)
DA:1,1
DA:2,1
DA:5,0
DA:10,1
DA:11,0
DA:14,0
DA:15,0
DA:17,1
DA:18,0
DA:23,0
DA:24,0
DA:26,1
DA:27,0
DA:28,0
DA:29,0
LF:15
LH:5
BRF:0
BRH:0
end_of_record
